14:58:19 **** Incremental Build of configuration Debug for project frequency_calc_button_press ****
make -j8 all 
arm-none-eabi-gcc -o "frequency_calc_button_press.elf" @"objects.list"   -mcpu=cortex-m3 -T"C:\Users\deniz.gurhan.CIZGI\Desktop\Workspace_1_11_0\frequency_calc_button_press\STM32F207ZGTX_FLASH.ld" --specs=nosys.specs -Wl,-Map="frequency_calc_button_press.map" -Wl,--gc-sections -static --specs=nano.specs -mfloat-abi=soft -mthumb -Wl,--start-group -lc -lm -Wl,--end-group
C:/ST/STM32CubeIDE_1.11.0/STM32CubeIDE/plugins/com.st.stm32cube.ide.mcu.externaltools.gnu-tools-for-stm32.11.3.rel1.win32_1.1.0.202305231506/tools/bin/../lib/gcc/arm-none-eabi/11.3.1/../../../../arm-none-eabi/bin/ld.exe: ./Drivers/CMSIS/Device/ST/STM32F2xx/Source/Templates/system_stm32f2xx.o:C:/Users/deniz.gurhan.CIZGI/Desktop/Workspace_1_11_0/frequency_calc_button_press/Debug/../Drivers/CMSIS/Device/ST/STM32F2xx/Source/Templates/system_stm32f2xx.c:126: multiple definition of `SystemCoreClock'; ./Core/Src/system_stm32f2xx.o:C:/Users/deniz.gurhan.CIZGI/Desktop/Workspace_1_11_0/frequency_calc_button_press/Debug/../Core/Src/system_stm32f2xx.c:126: first defined here
C:/ST/STM32CubeIDE_1.11.0/STM32CubeIDE/plugins/com.st.stm32cube.ide.mcu.externaltools.gnu-tools-for-stm32.11.3.rel1.win32_1.1.0.202305231506/tools/bin/../lib/gcc/arm-none-eabi/11.3.1/../../../../arm-none-eabi/bin/ld.exe: ./Drivers/CMSIS/Device/ST/STM32F2xx/Source/Templates/system_stm32f2xx.o:C:/Users/deniz.gurhan.CIZGI/Desktop/Workspace_1_11_0/frequency_calc_button_press/Debug/../Drivers/CMSIS/Device/ST/STM32F2xx/Source/Templates/system_stm32f2xx.c:127: multiple definition of `AHBPrescTable'; ./Core/Src/system_stm32f2xx.o:C:/Users/deniz.gurhan.CIZGI/Desktop/Workspace_1_11_0/frequency_calc_button_press/Debug/../Core/Src/system_stm32f2xx.c:127: first defined here
C:/ST/STM32CubeIDE_1.11.0/STM32CubeIDE/plugins/com.st.stm32cube.ide.mcu.externaltools.gnu-tools-for-stm32.11.3.rel1.win32_1.1.0.202305231506/tools/bin/../lib/gcc/arm-none-eabi/11.3.1/../../../../arm-none-eabi/bin/ld.exe: ./Drivers/CMSIS/Device/ST/STM32F2xx/Source/Templates/system_stm32f2xx.o:C:/Users/deniz.gurhan.CIZGI/Desktop/Workspace_1_11_0/frequency_calc_button_press/Debug/../Drivers/CMSIS/Device/ST/STM32F2xx/Source/Templates/system_stm32f2xx.c:128: multiple definition of `APBPrescTable'; ./Core/Src/system_stm32f2xx.o:C:/Users/deniz.gurhan.CIZGI/Desktop/Workspace_1_11_0/frequency_calc_button_press/Debug/../Core/Src/system_stm32f2xx.c:128: first defined here
C:/ST/STM32CubeIDE_1.11.0/STM32CubeIDE/plugins/com.st.stm32cube.ide.mcu.externaltools.gnu-tools-for-stm32.11.3.rel1.win32_1.1.0.202305231506/tools/bin/../lib/gcc/arm-none-eabi/11.3.1/../../../../arm-none-eabi/bin/ld.exe: ./Drivers/CMSIS/Device/ST/STM32F2xx/Source/Templates/system_stm32f2xx.o: in function `SystemInit':
C:/Users/deniz.gurhan.CIZGI/Desktop/Workspace_1_11_0/frequency_calc_button_press/Debug/../Drivers/CMSIS/Device/ST/STM32F2xx/Source/Templates/system_stm32f2xx.c:157: multiple definition of `SystemInit'; ./Core/Src/system_stm32f2xx.o:C:/Users/deniz.gurhan.CIZGI/Desktop/Workspace_1_11_0/frequency_calc_button_press/Debug/../Core/Src/system_stm32f2xx.c:157: first defined here
C:/ST/STM32CubeIDE_1.11.0/STM32CubeIDE/plugins/com.st.stm32cube.ide.mcu.externaltools.gnu-tools-for-stm32.11.3.rel1.win32_1.1.0.202305231506/tools/bin/../lib/gcc/arm-none-eabi/11.3.1/../../../../arm-none-eabi/bin/ld.exe: ./Drivers/CMSIS/Device/ST/STM32F2xx/Source/Templates/system_stm32f2xx.o: in function `SystemCoreClockUpdate':
C:/Users/deniz.gurhan.CIZGI/Desktop/Workspace_1_11_0/frequency_calc_button_press/Debug/../Drivers/CMSIS/Device/ST/STM32F2xx/Source/Templates/system_stm32f2xx.c:205: multiple definition of `SystemCoreClockUpdate'; ./Core/Src/system_stm32f2xx.o:C:/Users/deniz.gurhan.CIZGI/Desktop/Workspace_1_11_0/frequency_calc_button_press/Debug/../Core/Src/system_stm32f2xx.c:205: first defined here
collect2.exe: error: ld returned 1 exit status
make: *** [makefile:65: frequency_calc_button_press.elf] Error 1
"make -j8 all" terminated with exit code 2. Build might be incomplete.

14:58:20 Build Failed. 8 errors, 0 warnings. (took 401ms)

